<?xml version="1.0" encoding="UTF-8"?>
<!-- Generated by org.testng.reporters.JUnitXMLReporter -->
<testsuite ignored="2" hostname="LAPTOP-0L5A3EEK" failures="0" tests="7" name="Test" time="0.065" errors="0" timestamp="2022-11-01T12:23:51 IST">
  <testcase classname="TestNG_Program.A2" name="TC6" time="0.01"/>
  <testcase classname="TestNG_Program.A1" name="TC1" time="0.001"/>
  <testcase classname="TestNG_Program.A1" name="TC2" time="0.001"/>
  <testcase classname="TestNG_Program.A1" name="TC3" time="0.001"/>
  <testcase classname="TestNG_Program.A3" name="TC7" time="0.002"/>
  <testcase classname="TestNG_Program.A3" name="TC8" time="0.002"/>
  <testcase classname="TestNG_Program.A3" name="TC9" time="0.001"/>
  <testcase classname="TestNG_Program.A2" name="TC5" time="0.0">
    <ignored/>
  </testcase> <!-- TC5 -->
  <testcase classname="TestNG_Program.A2" name="TC4" time="0.0">
    <ignored/>
  </testcase> <!-- TC4 -->
</testsuite> <!-- Test -->
